Performing C SOURCE FILE Test CMAKE_HAVE_LIBC_PTHREAD failed with the following output:
Change Dir: /home/coral/tensorflow/tensorflow/CMakeFiles/CMakeTmp

Run Build Command(s):/usr/bin/make cmTC_e0dec/fast && /usr/bin/make -f CMakeFiles/cmTC_e0dec.dir/build.make CMakeFiles/cmTC_e0dec.dir/build
make[1]: Entering directory '/home/coral/tensorflow/tensorflow/CMakeFiles/CMakeTmp'
Building C object CMakeFiles/cmTC_e0dec.dir/src.c.o
/usr/bin/cc   -DCMAKE_HAVE_LIBC_PTHREAD -fPIE   -o CMakeFiles/cmTC_e0dec.dir/src.c.o   -c /home/coral/tensorflow/tensorflow/CMakeFiles/CMakeTmp/src.c
Linking C executable cmTC_e0dec
/usr/bin/cmake -E cmake_link_script CMakeFiles/cmTC_e0dec.dir/link.txt --verbose=1
/usr/bin/cc  -DCMAKE_HAVE_LIBC_PTHREAD    CMakeFiles/cmTC_e0dec.dir/src.c.o  -o cmTC_e0dec 
/usr/bin/ld: CMakeFiles/cmTC_e0dec.dir/src.c.o: in function `main':
src.c:(.text+0x46): undefined reference to `pthread_create'
/usr/bin/ld: src.c:(.text+0x52): undefined reference to `pthread_detach'
/usr/bin/ld: src.c:(.text+0x63): undefined reference to `pthread_join'
collect2: error: ld returned 1 exit status
make[1]: *** [CMakeFiles/cmTC_e0dec.dir/build.make:87: cmTC_e0dec] Error 1
make[1]: Leaving directory '/home/coral/tensorflow/tensorflow/CMakeFiles/CMakeTmp'
make: *** [Makefile:121: cmTC_e0dec/fast] Error 2


Source file was:
#include <pthread.h>

void* test_func(void* data)
{
  return data;
}

int main(void)
{
  pthread_t thread;
  pthread_create(&thread, NULL, test_func, NULL);
  pthread_detach(thread);
  pthread_join(thread, NULL);
  pthread_atfork(NULL, NULL, NULL);
  pthread_exit(NULL);

  return 0;
}

Determining if the function pthread_create exists in the pthreads failed with the following output:
Change Dir: /home/coral/tensorflow/tensorflow/CMakeFiles/CMakeTmp

Run Build Command(s):/usr/bin/make cmTC_37912/fast && /usr/bin/make -f CMakeFiles/cmTC_37912.dir/build.make CMakeFiles/cmTC_37912.dir/build
make[1]: Entering directory '/home/coral/tensorflow/tensorflow/CMakeFiles/CMakeTmp'
Building C object CMakeFiles/cmTC_37912.dir/CheckFunctionExists.c.o
/usr/bin/cc   -DCHECK_FUNCTION_EXISTS=pthread_create -fPIE   -o CMakeFiles/cmTC_37912.dir/CheckFunctionExists.c.o   -c /usr/share/cmake-3.16/Modules/CheckFunctionExists.c
Linking C executable cmTC_37912
/usr/bin/cmake -E cmake_link_script CMakeFiles/cmTC_37912.dir/link.txt --verbose=1
/usr/bin/cc  -DCHECK_FUNCTION_EXISTS=pthread_create    CMakeFiles/cmTC_37912.dir/CheckFunctionExists.c.o  -o cmTC_37912  -lpthreads 
/usr/bin/ld: cannot find -lpthreads
collect2: error: ld returned 1 exit status
make[1]: *** [CMakeFiles/cmTC_37912.dir/build.make:87: cmTC_37912] Error 1
make[1]: Leaving directory '/home/coral/tensorflow/tensorflow/CMakeFiles/CMakeTmp'
make: *** [Makefile:121: cmTC_37912/fast] Error 2



Performing C++ SOURCE FILE Test COMPILER_SUPPORT_Wshorten64to32 failed with the following output:
Change Dir: /home/coral/tensorflow/tensorflow/CMakeFiles/CMakeTmp

Run Build Command(s):/usr/bin/make cmTC_63992/fast && /usr/bin/make -f CMakeFiles/cmTC_63992.dir/build.make CMakeFiles/cmTC_63992.dir/build
make[1]: Entering directory '/home/coral/tensorflow/tensorflow/CMakeFiles/CMakeTmp'
Building CXX object CMakeFiles/cmTC_63992.dir/src.cxx.o
/usr/bin/c++    -pedantic -Wall -Wextra -Wundef -Wcast-align -Wchar-subscripts -Wnon-virtual-dtor -Wunused-local-typedefs -Wpointer-arith -Wwrite-strings -Wformat-security -DCOMPILER_SUPPORT_Wshorten64to32 -Werror -fPIE   -Wshorten-64-to-32 -std=gnu++17 -o CMakeFiles/cmTC_63992.dir/src.cxx.o -c /home/coral/tensorflow/tensorflow/CMakeFiles/CMakeTmp/src.cxx
c++: error: unrecognized command line option '-Wshorten-64-to-32'
make[1]: *** [CMakeFiles/cmTC_63992.dir/build.make:66: CMakeFiles/cmTC_63992.dir/src.cxx.o] Error 1
make[1]: Leaving directory '/home/coral/tensorflow/tensorflow/CMakeFiles/CMakeTmp'
make: *** [Makefile:121: cmTC_63992/fast] Error 2


Source file was:
int main() { return 0; }
Performing C++ SOURCE FILE Test COMPILER_SUPPORT_Wenumconversion failed with the following output:
Change Dir: /home/coral/tensorflow/tensorflow/CMakeFiles/CMakeTmp

Run Build Command(s):/usr/bin/make cmTC_cd7e5/fast && /usr/bin/make -f CMakeFiles/cmTC_cd7e5.dir/build.make CMakeFiles/cmTC_cd7e5.dir/build
make[1]: Entering directory '/home/coral/tensorflow/tensorflow/CMakeFiles/CMakeTmp'
Building CXX object CMakeFiles/cmTC_cd7e5.dir/src.cxx.o
/usr/bin/c++    -pedantic -Wall -Wextra -Wundef -Wcast-align -Wchar-subscripts -Wnon-virtual-dtor -Wunused-local-typedefs -Wpointer-arith -Wwrite-strings -Wformat-security -Wlogical-op -DCOMPILER_SUPPORT_Wenumconversion -Werror -fPIE   -Wenum-conversion -std=gnu++17 -o CMakeFiles/cmTC_cd7e5.dir/src.cxx.o -c /home/coral/tensorflow/tensorflow/CMakeFiles/CMakeTmp/src.cxx
c++: error: unrecognized command line option '-Wenum-conversion'; did you mean '-Wno-conversion'?
make[1]: *** [CMakeFiles/cmTC_cd7e5.dir/build.make:66: CMakeFiles/cmTC_cd7e5.dir/src.cxx.o] Error 1
make[1]: Leaving directory '/home/coral/tensorflow/tensorflow/CMakeFiles/CMakeTmp'
make: *** [Makefile:121: cmTC_cd7e5/fast] Error 2


Source file was:
int main() { return 0; }
Performing C++ SOURCE FILE Test COMPILER_SUPPORT_Wcpp11extensions failed with the following output:
Change Dir: /home/coral/tensorflow/tensorflow/CMakeFiles/CMakeTmp

Run Build Command(s):/usr/bin/make cmTC_1cc00/fast && /usr/bin/make -f CMakeFiles/cmTC_1cc00.dir/build.make CMakeFiles/cmTC_1cc00.dir/build
make[1]: Entering directory '/home/coral/tensorflow/tensorflow/CMakeFiles/CMakeTmp'
Building CXX object CMakeFiles/cmTC_1cc00.dir/src.cxx.o
/usr/bin/c++    -pedantic -Wall -Wextra -Wundef -Wcast-align -Wchar-subscripts -Wnon-virtual-dtor -Wunused-local-typedefs -Wpointer-arith -Wwrite-strings -Wformat-security -Wlogical-op -DCOMPILER_SUPPORT_Wcpp11extensions -Werror -fPIE   -Wc++11-extensions -std=gnu++17 -o CMakeFiles/cmTC_1cc00.dir/src.cxx.o -c /home/coral/tensorflow/tensorflow/CMakeFiles/CMakeTmp/src.cxx
c++: error: unrecognized command line option '-Wc++11-extensions'; did you mean '-fms-extensions'?
make[1]: *** [CMakeFiles/cmTC_1cc00.dir/build.make:66: CMakeFiles/cmTC_1cc00.dir/src.cxx.o] Error 1
make[1]: Leaving directory '/home/coral/tensorflow/tensorflow/CMakeFiles/CMakeTmp'
make: *** [Makefile:121: cmTC_1cc00/fast] Error 2


Source file was:
int main() { return 0; }
Performing C++ SOURCE FILE Test COMPILER_SUPPORT_wd981 failed with the following output:
Change Dir: /home/coral/tensorflow/tensorflow/CMakeFiles/CMakeTmp

Run Build Command(s):/usr/bin/make cmTC_88139/fast && /usr/bin/make -f CMakeFiles/cmTC_88139.dir/build.make CMakeFiles/cmTC_88139.dir/build
make[1]: Entering directory '/home/coral/tensorflow/tensorflow/CMakeFiles/CMakeTmp'
Building CXX object CMakeFiles/cmTC_88139.dir/src.cxx.o
/usr/bin/c++    -pedantic -Wall -Wextra -Wundef -Wcast-align -Wchar-subscripts -Wnon-virtual-dtor -Wunused-local-typedefs -Wpointer-arith -Wwrite-strings -Wformat-security -Wlogical-op -Wdouble-promotion -Wshadow -Wno-psabi -Wno-variadic-macros -Wno-long-long -fno-check-new -fno-common -fstrict-aliasing -DCOMPILER_SUPPORT_wd981 -Werror -fPIE   -wd981 -std=gnu++17 -o CMakeFiles/cmTC_88139.dir/src.cxx.o -c /home/coral/tensorflow/tensorflow/CMakeFiles/CMakeTmp/src.cxx
c++: error: unrecognized command line option '-wd981'
make[1]: *** [CMakeFiles/cmTC_88139.dir/build.make:66: CMakeFiles/cmTC_88139.dir/src.cxx.o] Error 1
make[1]: Leaving directory '/home/coral/tensorflow/tensorflow/CMakeFiles/CMakeTmp'
make: *** [Makefile:121: cmTC_88139/fast] Error 2


Source file was:
int main() { return 0; }
Performing C++ SOURCE FILE Test COMPILER_SUPPORT_wd2304 failed with the following output:
Change Dir: /home/coral/tensorflow/tensorflow/CMakeFiles/CMakeTmp

Run Build Command(s):/usr/bin/make cmTC_5a6ae/fast && /usr/bin/make -f CMakeFiles/cmTC_5a6ae.dir/build.make CMakeFiles/cmTC_5a6ae.dir/build
make[1]: Entering directory '/home/coral/tensorflow/tensorflow/CMakeFiles/CMakeTmp'
Building CXX object CMakeFiles/cmTC_5a6ae.dir/src.cxx.o
/usr/bin/c++    -pedantic -Wall -Wextra -Wundef -Wcast-align -Wchar-subscripts -Wnon-virtual-dtor -Wunused-local-typedefs -Wpointer-arith -Wwrite-strings -Wformat-security -Wlogical-op -Wdouble-promotion -Wshadow -Wno-psabi -Wno-variadic-macros -Wno-long-long -fno-check-new -fno-common -fstrict-aliasing -DCOMPILER_SUPPORT_wd2304 -Werror -fPIE   -wd2304 -std=gnu++17 -o CMakeFiles/cmTC_5a6ae.dir/src.cxx.o -c /home/coral/tensorflow/tensorflow/CMakeFiles/CMakeTmp/src.cxx
c++: error: unrecognized command line option '-wd2304'
make[1]: *** [CMakeFiles/cmTC_5a6ae.dir/build.make:66: CMakeFiles/cmTC_5a6ae.dir/src.cxx.o] Error 1
make[1]: Leaving directory '/home/coral/tensorflow/tensorflow/CMakeFiles/CMakeTmp'
make: *** [Makefile:121: cmTC_5a6ae/fast] Error 2


Source file was:
int main() { return 0; }
Compiling the Fortran compiler identification source file "CMakeFortranCompilerId.F" failed.
Compiler: CMAKE_Fortran_COMPILER-NOTFOUND 
Build flags: 
Id flags: -v 

The output was:
No such file or directory


Compiling the Fortran compiler identification source file "CMakeFortranCompilerId.F" failed.
Compiler: CMAKE_Fortran_COMPILER-NOTFOUND 
Build flags: 
Id flags:  

The output was:
No such file or directory


Compiling the Fortran compiler identification source file "CMakeFortranCompilerId.F" failed.
Compiler: CMAKE_Fortran_COMPILER-NOTFOUND 
Build flags: 
Id flags: -c 

The output was:
No such file or directory


Compiling the Fortran compiler identification source file "CMakeFortranCompilerId.F" failed.
Compiler: CMAKE_Fortran_COMPILER-NOTFOUND 
Build flags: 
Id flags: -fpp 

The output was:
No such file or directory


Compiling the Fortran compiler identification source file "CMakeFortranCompilerId.F" failed.
Compiler: CMAKE_Fortran_COMPILER-NOTFOUND 
Build flags: 
Id flags: -v 

The output was:
No such file or directory


Compiling the Fortran compiler identification source file "CMakeFortranCompilerId.F" failed.
Compiler: CMAKE_Fortran_COMPILER-NOTFOUND 
Build flags: 
Id flags:  

The output was:
No such file or directory


Compiling the Fortran compiler identification source file "CMakeFortranCompilerId.F" failed.
Compiler: CMAKE_Fortran_COMPILER-NOTFOUND 
Build flags: 
Id flags: -c 

The output was:
No such file or directory


Compiling the Fortran compiler identification source file "CMakeFortranCompilerId.F" failed.
Compiler: CMAKE_Fortran_COMPILER-NOTFOUND 
Build flags: 
Id flags: -fpp 

The output was:
No such file or directory


