Performing C SOURCE FILE Test CMAKE_HAVE_LIBC_PTHREAD failed with the following output:
Change Dir: /home/coral/tensorflow/tensorflow/lite/CMakeFiles/CMakeTmp

Run Build Command(s):/usr/bin/make cmTC_45440/fast && /usr/bin/make -f CMakeFiles/cmTC_45440.dir/build.make CMakeFiles/cmTC_45440.dir/build
make[1]: Entering directory '/home/coral/tensorflow/tensorflow/lite/CMakeFiles/CMakeTmp'
Building C object CMakeFiles/cmTC_45440.dir/src.c.o
/usr/bin/cc   -DCMAKE_HAVE_LIBC_PTHREAD -fPIE   -o CMakeFiles/cmTC_45440.dir/src.c.o   -c /home/coral/tensorflow/tensorflow/lite/CMakeFiles/CMakeTmp/src.c
Linking C executable cmTC_45440
/usr/bin/cmake -E cmake_link_script CMakeFiles/cmTC_45440.dir/link.txt --verbose=1
/usr/bin/cc  -DCMAKE_HAVE_LIBC_PTHREAD    CMakeFiles/cmTC_45440.dir/src.c.o  -o cmTC_45440 
/usr/bin/ld: CMakeFiles/cmTC_45440.dir/src.c.o: in function `main':
src.c:(.text+0x46): undefined reference to `pthread_create'
/usr/bin/ld: src.c:(.text+0x52): undefined reference to `pthread_detach'
/usr/bin/ld: src.c:(.text+0x63): undefined reference to `pthread_join'
collect2: error: ld returned 1 exit status
make[1]: *** [CMakeFiles/cmTC_45440.dir/build.make:87: cmTC_45440] Error 1
make[1]: Leaving directory '/home/coral/tensorflow/tensorflow/lite/CMakeFiles/CMakeTmp'
make: *** [Makefile:121: cmTC_45440/fast] Error 2


Source file was:
#include <pthread.h>

void* test_func(void* data)
{
  return data;
}

int main(void)
{
  pthread_t thread;
  pthread_create(&thread, NULL, test_func, NULL);
  pthread_detach(thread);
  pthread_join(thread, NULL);
  pthread_atfork(NULL, NULL, NULL);
  pthread_exit(NULL);

  return 0;
}

Determining if the function pthread_create exists in the pthreads failed with the following output:
Change Dir: /home/coral/tensorflow/tensorflow/lite/CMakeFiles/CMakeTmp

Run Build Command(s):/usr/bin/make cmTC_049b7/fast && /usr/bin/make -f CMakeFiles/cmTC_049b7.dir/build.make CMakeFiles/cmTC_049b7.dir/build
make[1]: Entering directory '/home/coral/tensorflow/tensorflow/lite/CMakeFiles/CMakeTmp'
Building C object CMakeFiles/cmTC_049b7.dir/CheckFunctionExists.c.o
/usr/bin/cc   -DCHECK_FUNCTION_EXISTS=pthread_create -fPIE   -o CMakeFiles/cmTC_049b7.dir/CheckFunctionExists.c.o   -c /usr/share/cmake-3.16/Modules/CheckFunctionExists.c
Linking C executable cmTC_049b7
/usr/bin/cmake -E cmake_link_script CMakeFiles/cmTC_049b7.dir/link.txt --verbose=1
/usr/bin/cc  -DCHECK_FUNCTION_EXISTS=pthread_create    CMakeFiles/cmTC_049b7.dir/CheckFunctionExists.c.o  -o cmTC_049b7  -lpthreads 
/usr/bin/ld: cannot find -lpthreads
collect2: error: ld returned 1 exit status
make[1]: *** [CMakeFiles/cmTC_049b7.dir/build.make:87: cmTC_049b7] Error 1
make[1]: Leaving directory '/home/coral/tensorflow/tensorflow/lite/CMakeFiles/CMakeTmp'
make: *** [Makefile:121: cmTC_049b7/fast] Error 2



Performing C++ SOURCE FILE Test COMPILER_SUPPORT_Wshorten64to32 failed with the following output:
Change Dir: /home/coral/tensorflow/tensorflow/lite/CMakeFiles/CMakeTmp

Run Build Command(s):/usr/bin/make cmTC_2f777/fast && /usr/bin/make -f CMakeFiles/cmTC_2f777.dir/build.make CMakeFiles/cmTC_2f777.dir/build
make[1]: Entering directory '/home/coral/tensorflow/tensorflow/lite/CMakeFiles/CMakeTmp'
Building CXX object CMakeFiles/cmTC_2f777.dir/src.cxx.o
/usr/bin/c++    -pedantic -Wall -Wextra -Wundef -Wcast-align -Wchar-subscripts -Wnon-virtual-dtor -Wunused-local-typedefs -Wpointer-arith -Wwrite-strings -Wformat-security -DCOMPILER_SUPPORT_Wshorten64to32 -Werror -fPIE   -Wshorten-64-to-32 -std=gnu++17 -o CMakeFiles/cmTC_2f777.dir/src.cxx.o -c /home/coral/tensorflow/tensorflow/lite/CMakeFiles/CMakeTmp/src.cxx
c++: error: unrecognized command line option '-Wshorten-64-to-32'
make[1]: *** [CMakeFiles/cmTC_2f777.dir/build.make:66: CMakeFiles/cmTC_2f777.dir/src.cxx.o] Error 1
make[1]: Leaving directory '/home/coral/tensorflow/tensorflow/lite/CMakeFiles/CMakeTmp'
make: *** [Makefile:121: cmTC_2f777/fast] Error 2


Source file was:
int main() { return 0; }
Performing C++ SOURCE FILE Test COMPILER_SUPPORT_Wenumconversion failed with the following output:
Change Dir: /home/coral/tensorflow/tensorflow/lite/CMakeFiles/CMakeTmp

Run Build Command(s):/usr/bin/make cmTC_0e92c/fast && /usr/bin/make -f CMakeFiles/cmTC_0e92c.dir/build.make CMakeFiles/cmTC_0e92c.dir/build
make[1]: Entering directory '/home/coral/tensorflow/tensorflow/lite/CMakeFiles/CMakeTmp'
Building CXX object CMakeFiles/cmTC_0e92c.dir/src.cxx.o
/usr/bin/c++    -pedantic -Wall -Wextra -Wundef -Wcast-align -Wchar-subscripts -Wnon-virtual-dtor -Wunused-local-typedefs -Wpointer-arith -Wwrite-strings -Wformat-security -Wlogical-op -DCOMPILER_SUPPORT_Wenumconversion -Werror -fPIE   -Wenum-conversion -std=gnu++17 -o CMakeFiles/cmTC_0e92c.dir/src.cxx.o -c /home/coral/tensorflow/tensorflow/lite/CMakeFiles/CMakeTmp/src.cxx
c++: error: unrecognized command line option '-Wenum-conversion'; did you mean '-Wno-conversion'?
make[1]: *** [CMakeFiles/cmTC_0e92c.dir/build.make:66: CMakeFiles/cmTC_0e92c.dir/src.cxx.o] Error 1
make[1]: Leaving directory '/home/coral/tensorflow/tensorflow/lite/CMakeFiles/CMakeTmp'
make: *** [Makefile:121: cmTC_0e92c/fast] Error 2


Source file was:
int main() { return 0; }
Performing C++ SOURCE FILE Test COMPILER_SUPPORT_Wcpp11extensions failed with the following output:
Change Dir: /home/coral/tensorflow/tensorflow/lite/CMakeFiles/CMakeTmp

Run Build Command(s):/usr/bin/make cmTC_1e913/fast && /usr/bin/make -f CMakeFiles/cmTC_1e913.dir/build.make CMakeFiles/cmTC_1e913.dir/build
make[1]: Entering directory '/home/coral/tensorflow/tensorflow/lite/CMakeFiles/CMakeTmp'
Building CXX object CMakeFiles/cmTC_1e913.dir/src.cxx.o
/usr/bin/c++    -pedantic -Wall -Wextra -Wundef -Wcast-align -Wchar-subscripts -Wnon-virtual-dtor -Wunused-local-typedefs -Wpointer-arith -Wwrite-strings -Wformat-security -Wlogical-op -DCOMPILER_SUPPORT_Wcpp11extensions -Werror -fPIE   -Wc++11-extensions -std=gnu++17 -o CMakeFiles/cmTC_1e913.dir/src.cxx.o -c /home/coral/tensorflow/tensorflow/lite/CMakeFiles/CMakeTmp/src.cxx
c++: error: unrecognized command line option '-Wc++11-extensions'; did you mean '-fms-extensions'?
make[1]: *** [CMakeFiles/cmTC_1e913.dir/build.make:66: CMakeFiles/cmTC_1e913.dir/src.cxx.o] Error 1
make[1]: Leaving directory '/home/coral/tensorflow/tensorflow/lite/CMakeFiles/CMakeTmp'
make: *** [Makefile:121: cmTC_1e913/fast] Error 2


Source file was:
int main() { return 0; }
Performing C++ SOURCE FILE Test COMPILER_SUPPORT_wd981 failed with the following output:
Change Dir: /home/coral/tensorflow/tensorflow/lite/CMakeFiles/CMakeTmp

Run Build Command(s):/usr/bin/make cmTC_195da/fast && /usr/bin/make -f CMakeFiles/cmTC_195da.dir/build.make CMakeFiles/cmTC_195da.dir/build
make[1]: Entering directory '/home/coral/tensorflow/tensorflow/lite/CMakeFiles/CMakeTmp'
Building CXX object CMakeFiles/cmTC_195da.dir/src.cxx.o
/usr/bin/c++    -pedantic -Wall -Wextra -Wundef -Wcast-align -Wchar-subscripts -Wnon-virtual-dtor -Wunused-local-typedefs -Wpointer-arith -Wwrite-strings -Wformat-security -Wlogical-op -Wdouble-promotion -Wshadow -Wno-psabi -Wno-variadic-macros -Wno-long-long -fno-check-new -fno-common -fstrict-aliasing -DCOMPILER_SUPPORT_wd981 -Werror -fPIE   -wd981 -std=gnu++17 -o CMakeFiles/cmTC_195da.dir/src.cxx.o -c /home/coral/tensorflow/tensorflow/lite/CMakeFiles/CMakeTmp/src.cxx
c++: error: unrecognized command line option '-wd981'
make[1]: *** [CMakeFiles/cmTC_195da.dir/build.make:66: CMakeFiles/cmTC_195da.dir/src.cxx.o] Error 1
make[1]: Leaving directory '/home/coral/tensorflow/tensorflow/lite/CMakeFiles/CMakeTmp'
make: *** [Makefile:121: cmTC_195da/fast] Error 2


Source file was:
int main() { return 0; }
Performing C++ SOURCE FILE Test COMPILER_SUPPORT_wd2304 failed with the following output:
Change Dir: /home/coral/tensorflow/tensorflow/lite/CMakeFiles/CMakeTmp

Run Build Command(s):/usr/bin/make cmTC_2593b/fast && /usr/bin/make -f CMakeFiles/cmTC_2593b.dir/build.make CMakeFiles/cmTC_2593b.dir/build
make[1]: Entering directory '/home/coral/tensorflow/tensorflow/lite/CMakeFiles/CMakeTmp'
Building CXX object CMakeFiles/cmTC_2593b.dir/src.cxx.o
/usr/bin/c++    -pedantic -Wall -Wextra -Wundef -Wcast-align -Wchar-subscripts -Wnon-virtual-dtor -Wunused-local-typedefs -Wpointer-arith -Wwrite-strings -Wformat-security -Wlogical-op -Wdouble-promotion -Wshadow -Wno-psabi -Wno-variadic-macros -Wno-long-long -fno-check-new -fno-common -fstrict-aliasing -DCOMPILER_SUPPORT_wd2304 -Werror -fPIE   -wd2304 -std=gnu++17 -o CMakeFiles/cmTC_2593b.dir/src.cxx.o -c /home/coral/tensorflow/tensorflow/lite/CMakeFiles/CMakeTmp/src.cxx
c++: error: unrecognized command line option '-wd2304'
make[1]: *** [CMakeFiles/cmTC_2593b.dir/build.make:66: CMakeFiles/cmTC_2593b.dir/src.cxx.o] Error 1
make[1]: Leaving directory '/home/coral/tensorflow/tensorflow/lite/CMakeFiles/CMakeTmp'
make: *** [Makefile:121: cmTC_2593b/fast] Error 2


Source file was:
int main() { return 0; }
Compiling the Fortran compiler identification source file "CMakeFortranCompilerId.F" failed.
Compiler: CMAKE_Fortran_COMPILER-NOTFOUND 
Build flags: 
Id flags: -v 

The output was:
No such file or directory


Compiling the Fortran compiler identification source file "CMakeFortranCompilerId.F" failed.
Compiler: CMAKE_Fortran_COMPILER-NOTFOUND 
Build flags: 
Id flags:  

The output was:
No such file or directory


Compiling the Fortran compiler identification source file "CMakeFortranCompilerId.F" failed.
Compiler: CMAKE_Fortran_COMPILER-NOTFOUND 
Build flags: 
Id flags: -c 

The output was:
No such file or directory


Compiling the Fortran compiler identification source file "CMakeFortranCompilerId.F" failed.
Compiler: CMAKE_Fortran_COMPILER-NOTFOUND 
Build flags: 
Id flags: -fpp 

The output was:
No such file or directory


Compiling the Fortran compiler identification source file "CMakeFortranCompilerId.F" failed.
Compiler: CMAKE_Fortran_COMPILER-NOTFOUND 
Build flags: 
Id flags: -v 

The output was:
No such file or directory


Compiling the Fortran compiler identification source file "CMakeFortranCompilerId.F" failed.
Compiler: CMAKE_Fortran_COMPILER-NOTFOUND 
Build flags: 
Id flags:  

The output was:
No such file or directory


Compiling the Fortran compiler identification source file "CMakeFortranCompilerId.F" failed.
Compiler: CMAKE_Fortran_COMPILER-NOTFOUND 
Build flags: 
Id flags: -c 

The output was:
No such file or directory


Compiling the Fortran compiler identification source file "CMakeFortranCompilerId.F" failed.
Compiler: CMAKE_Fortran_COMPILER-NOTFOUND 
Build flags: 
Id flags: -fpp 

The output was:
No such file or directory


Compiling the Fortran compiler identification source file "CMakeFortranCompilerId.F" failed.
Compiler: CMAKE_Fortran_COMPILER-NOTFOUND 
Build flags: 
Id flags: -v 

The output was:
No such file or directory


Compiling the Fortran compiler identification source file "CMakeFortranCompilerId.F" failed.
Compiler: CMAKE_Fortran_COMPILER-NOTFOUND 
Build flags: 
Id flags:  

The output was:
No such file or directory


Compiling the Fortran compiler identification source file "CMakeFortranCompilerId.F" failed.
Compiler: CMAKE_Fortran_COMPILER-NOTFOUND 
Build flags: 
Id flags: -c 

The output was:
No such file or directory


Compiling the Fortran compiler identification source file "CMakeFortranCompilerId.F" failed.
Compiler: CMAKE_Fortran_COMPILER-NOTFOUND 
Build flags: 
Id flags: -fpp 

The output was:
No such file or directory


Compiling the Fortran compiler identification source file "CMakeFortranCompilerId.F" failed.
Compiler: CMAKE_Fortran_COMPILER-NOTFOUND 
Build flags: 
Id flags: -v 

The output was:
No such file or directory


Compiling the Fortran compiler identification source file "CMakeFortranCompilerId.F" failed.
Compiler: CMAKE_Fortran_COMPILER-NOTFOUND 
Build flags: 
Id flags:  

The output was:
No such file or directory


Compiling the Fortran compiler identification source file "CMakeFortranCompilerId.F" failed.
Compiler: CMAKE_Fortran_COMPILER-NOTFOUND 
Build flags: 
Id flags: -c 

The output was:
No such file or directory


Compiling the Fortran compiler identification source file "CMakeFortranCompilerId.F" failed.
Compiler: CMAKE_Fortran_COMPILER-NOTFOUND 
Build flags: 
Id flags: -fpp 

The output was:
No such file or directory


